# JRE version: OpenJDK Runtime Environment (11.0.12+7) (build 11.0.12+7-b1504.28-7817840)
# Java VM: OpenJDK 64-Bit Server VM (11.0.12+7-b1504.28-7817840, mixed mode, tiered, compressed oops, g1 gc, windows-amd64)
Heap:
 garbage-first heap   total 429056K, used 280044K [0x0000000080000000, 0x0000000100000000)
  region size 1024K, 64 young (65536K), 3 survivors (3072K)
 Metaspace       used 147130K, capacity 151474K, committed 151544K, reserved 1181696K
  class space    used 18320K, capacity 19992K, committed 20044K, reserved 1048576K
GC Heap History (20 events):
Event: 2219.827 GC heap before
{Heap before GC invocations=79 (full 0):
 garbage-first heap   total 359424K, used 275142K [0x0000000080000000, 0x0000000100000000)
  region size 1024K, 40 young (40960K), 2 survivors (2048K)
 Metaspace       used 131332K, capacity 134793K, committed 135032K, reserved 1167360K
  class space    used 16282K, capacity 17540K, committed 17612K, reserved 1048576K
}
Event: 2219.843 GC heap after
{Heap after GC invocations=80 (full 0):
 garbage-first heap   total 359424K, used 238751K [0x0000000080000000, 0x0000000100000000)
  region size 1024K, 4 young (4096K), 4 survivors (4096K)
 Metaspace       used 131332K, capacity 134793K, committed 135032K, reserved 1167360K
  class space    used 16282K, capacity 17540K, committed 17612K, reserved 1048576K
}
Event: 2220.431 GC heap before
{Heap before GC invocations=80 (full 0):
 garbage-first heap   total 359424K, used 255135K [0x0000000080000000, 0x0000000100000000)
  region size 1024K, 17 young (17408K), 4 survivors (4096K)
 Metaspace       used 131497K, capacity 134974K, committed 135032K, reserved 1167360K
  class space    used 16299K, capacity 17558K, committed 17612K, reserved 1048576K
}
Event: 2220.457 GC heap after
{Heap after GC invocations=81 (full 0):
 garbage-first heap   total 359424K, used 230981K [0x0000000080000000, 0x0000000100000000)
  region size 1024K, 2 young (2048K), 2 survivors (2048K)
 Metaspace       used 131497K, capacity 134974K, committed 135032K, reserved 1167360K
  class space    used 16299K, capacity 17558K, committed 17612K, reserved 1048576K
}
Event: 2221.052 GC heap before
{Heap before GC invocations=81 (full 0):
 garbage-first heap   total 359424K, used 283205K [0x0000000080000000, 0x0000000100000000)
  region size 1024K, 47 young (48128K), 2 survivors (2048K)
 Metaspace       used 131632K, capacity 135099K, committed 135288K, reserved 1167360K
  class space    used 16315K, capacity 17597K, committed 17612K, reserved 1048576K
}
Event: 2221.083 GC heap after
{Heap after GC invocations=82 (full 0):
 garbage-first heap   total 429056K, used 244332K [0x0000000080000000, 0x0000000100000000)
  region size 1024K, 6 young (6144K), 6 survivors (6144K)
 Metaspace       used 131632K, capacity 135099K, committed 135288K, reserved 1167360K
  class space    used 16315K, capacity 17597K, committed 17612K, reserved 1048576K
}
Event: 2221.713 GC heap before
{Heap before GC invocations=82 (full 0):
 garbage-first heap   total 429056K, used 326252K [0x0000000080000000, 0x0000000100000000)
  region size 1024K, 76 young (77824K), 6 survivors (6144K)
 Metaspace       used 131799K, capacity 135240K, committed 135288K, reserved 1167360K
  class space    used 16321K, capacity 17601K, committed 17612K, reserved 1048576K
}
Event: 2221.723 GC heap after
{Heap after GC invocations=83 (full 0):
 garbage-first heap   total 429056K, used 259743K [0x0000000080000000, 0x0000000100000000)
  region size 1024K, 10 young (10240K), 10 survivors (10240K)
 Metaspace       used 131799K, capacity 135240K, committed 135288K, reserved 1167360K
  class space    used 16321K, capacity 17601K, committed 17612K, reserved 1048576K
}
Event: 2222.307 GC heap before
{Heap before GC invocations=83 (full 0):
 garbage-first heap   total 429056K, used 346783K [0x0000000080000000, 0x0000000100000000)
  region size 1024K, 78 young (79872K), 10 survivors (10240K)
 Metaspace       used 132394K, capacity 135848K, committed 136184K, reserved 1167360K
  class space    used 16389K, capacity 17642K, committed 17740K, reserved 1048576K
}
Event: 2222.316 GC heap after
{Heap after GC invocations=84 (full 0):
 garbage-first heap   total 429056K, used 253227K [0x0000000080000000, 0x0000000100000000)
  region size 1024K, 3 young (3072K), 3 survivors (3072K)
 Metaspace       used 132394K, capacity 135848K, committed 136184K, reserved 1167360K
  class space    used 16389K, capacity 17642K, committed 17740K, reserved 1048576K
}
Event: 2222.826 GC heap before
{Heap before GC invocations=84 (full 0):
 garbage-first heap   total 429056K, used 332075K [0x0000000080000000, 0x0000000100000000)
  region size 1024K, 78 young (79872K), 3 survivors (3072K)
 Metaspace       used 132452K, capacity 135944K, committed 136184K, reserved 1167360K
  class space    used 16393K, capacity 17674K, committed 17740K, reserved 1048576K
}
Event: 2222.830 GC heap after
{Heap after GC invocations=85 (full 0):
 garbage-first heap   total 429056K, used 255788K [0x0000000080000000, 0x0000000100000000)
  region size 1024K, 4 young (4096K), 4 survivors (4096K)
 Metaspace       used 132452K, capacity 135944K, committed 136184K, reserved 1167360K
  class space    used 16393K, capacity 17674K, committed 17740K, reserved 1048576K
}
Event: 2223.333 GC heap before
{Heap before GC invocations=85 (full 0):
 garbage-first heap   total 429056K, used 335660K [0x0000000080000000, 0x0000000100000000)
  region size 1024K, 82 young (83968K), 4 survivors (4096K)
 Metaspace       used 132456K, capacity 135944K, committed 136184K, reserved 1167360K
  class space    used 16393K, capacity 17674K, committed 17740K, reserved 1048576K
}
Event: 2223.337 GC heap after
{Heap after GC invocations=86 (full 0):
 garbage-first heap   total 429056K, used 256230K [0x0000000080000000, 0x0000000100000000)
  region size 1024K, 4 young (4096K), 4 survivors (4096K)
 Metaspace       used 132456K, capacity 135944K, committed 136184K, reserved 1167360K
  class space    used 16393K, capacity 17674K, committed 17740K, reserved 1048576K
}
Event: 2225.503 GC heap before
{Heap before GC invocations=86 (full 0):
 garbage-first heap   total 429056K, used 342246K [0x0000000080000000, 0x0000000100000000)
  region size 1024K, 87 young (89088K), 4 survivors (4096K)
 Metaspace       used 140711K, capacity 144461K, committed 144760K, reserved 1175552K
  class space    used 17436K, capacity 18765K, committed 18892K, reserved 1048576K
}
Event: 2225.509 GC heap after
{Heap after GC invocations=87 (full 0):
 garbage-first heap   total 429056K, used 257811K [0x0000000080000000, 0x0000000100000000)
  region size 1024K, 6 young (6144K), 6 survivors (6144K)
 Metaspace       used 140711K, capacity 144461K, committed 144760K, reserved 1175552K
  class space    used 17436K, capacity 18765K, committed 18892K, reserved 1048576K
}
Event: 2226.327 GC heap before
{Heap before GC invocations=87 (full 0):
 garbage-first heap   total 429056K, used 345875K [0x0000000080000000, 0x0000000100000000)
  region size 1024K, 91 young (93184K), 6 survivors (6144K)
 Metaspace       used 145334K, capacity 149536K, committed 149752K, reserved 1179648K
  class space    used 18133K, capacity 19754K, committed 19788K, reserved 1048576K
}
Event: 2226.345 GC heap after
{Heap after GC invocations=88 (full 0):
 garbage-first heap   total 429056K, used 265674K [0x0000000080000000, 0x0000000100000000)
  region size 1024K, 12 young (12288K), 12 survivors (12288K)
 Metaspace       used 145334K, capacity 149536K, committed 149752K, reserved 1179648K
  class space    used 18133K, capacity 19754K, committed 19788K, reserved 1048576K
}
Event: 2226.930 GC heap before
{Heap before GC invocations=88 (full 0):
 garbage-first heap   total 429056K, used 314826K [0x0000000080000000, 0x0000000100000000)
  region size 1024K, 60 young (61440K), 12 survivors (12288K)
 Metaspace       used 146372K, capacity 150606K, committed 150904K, reserved 1179648K
  class space    used 18246K, capacity 19873K, committed 19916K, reserved 1048576K
}
Event: 2226.942 GC heap after
{Heap after GC invocations=89 (full 0):
 garbage-first heap   total 429056K, used 264684K [0x0000000080000000, 0x0000000100000000)
  region size 1024K, 3 young (3072K), 3 survivors (3072K)
 Metaspace       used 146372K, capacity 150606K, committed 150904K, reserved 1179648K
  class space    used 18246K, capacity 19873K, committed 19916K, reserved 1048576K
}

